I, [2016-01-03T18:48:55.767601 #5604]  INFO -- default-centos65: -----> Creating <default-centos65>...
I, [2016-01-03T18:48:59.756334 #5604]  INFO -- default-centos65: Bringing machine 'default' up with 'virtualbox' provider...
I, [2016-01-03T18:49:00.209203 #5604]  INFO -- default-centos65: ==> default: Importing base box 'learningchef/centos65'...
I, [2016-01-03T18:49:14.182211 #5604]  INFO -- default-centos65: [KProgress: 20%[KProgress: 40%[KProgress: 60%[KProgress: 80%[KProgress: 90%[K==> default: Matching MAC address for NAT networking...
I, [2016-01-03T18:49:14.390358 #5604]  INFO -- default-centos65: ==> default: Checking if box 'learningchef/centos65' is up to date...
I, [2016-01-03T18:49:17.353788 #5604]  INFO -- default-centos65: ==> default: Setting the name of the VM: kitchen-node-default-centos65_default_1451854157297_50949
I, [2016-01-03T18:49:18.226859 #5604]  INFO -- default-centos65: ==> default: Clearing any previously set network interfaces...
I, [2016-01-03T18:49:18.307949 #5604]  INFO -- default-centos65: ==> default: Preparing network interfaces based on configuration...
I, [2016-01-03T18:49:18.308624 #5604]  INFO -- default-centos65:     default: Adapter 1: nat
I, [2016-01-03T18:49:18.386766 #5604]  INFO -- default-centos65: ==> default: Forwarding ports...
I, [2016-01-03T18:49:18.503822 #5604]  INFO -- default-centos65:     default: 22 (guest) => 2222 (host) (adapter 1)
I, [2016-01-03T18:49:18.712323 #5604]  INFO -- default-centos65: ==> default: Booting VM...
I, [2016-01-03T18:49:19.139764 #5604]  INFO -- default-centos65: ==> default: Waiting for machine to boot. This may take a few minutes...
I, [2016-01-03T18:49:19.665781 #5604]  INFO -- default-centos65:     default: SSH address: 127.0.0.1:2222
I, [2016-01-03T18:49:19.665960 #5604]  INFO -- default-centos65:     default: SSH username: vagrant
I, [2016-01-03T18:49:19.666249 #5604]  INFO -- default-centos65:     default: SSH auth method: private key
I, [2016-01-03T18:49:36.031984 #5604]  INFO -- default-centos65:     default: 
I, [2016-01-03T18:49:36.032084 #5604]  INFO -- default-centos65:     default: Vagrant insecure key detected. Vagrant will automatically replace
I, [2016-01-03T18:49:36.032247 #5604]  INFO -- default-centos65:     default: this with a newly generated keypair for better security.
I, [2016-01-03T18:49:37.702114 #5604]  INFO -- default-centos65:     default: 
I, [2016-01-03T18:49:37.702226 #5604]  INFO -- default-centos65:     default: Inserting generated public key within guest...
I, [2016-01-03T18:49:38.364041 #5604]  INFO -- default-centos65:     default: Removing insecure key from the guest if it's present...
I, [2016-01-03T18:49:38.844953 #5604]  INFO -- default-centos65:     default: Key inserted! Disconnecting and reconnecting using new SSH key...
I, [2016-01-03T18:49:40.210291 #5604]  INFO -- default-centos65: ==> default: Machine booted and ready!
I, [2016-01-03T18:49:40.221035 #5604]  INFO -- default-centos65: ==> default: Checking for guest additions in VM...
I, [2016-01-03T18:49:40.320500 #5604]  INFO -- default-centos65:     default: The guest additions on this VM do not match the installed version of
I, [2016-01-03T18:49:40.320608 #5604]  INFO -- default-centos65:     default: VirtualBox! In most cases this is fine, but in rare cases it can
I, [2016-01-03T18:49:40.320676 #5604]  INFO -- default-centos65:     default: prevent things such as shared folders from working properly. If you see
I, [2016-01-03T18:49:40.320736 #5604]  INFO -- default-centos65:     default: shared folder errors, please make sure the guest additions within the
I, [2016-01-03T18:49:40.320796 #5604]  INFO -- default-centos65:     default: virtual machine match the version of VirtualBox you have installed on
I, [2016-01-03T18:49:40.320955 #5604]  INFO -- default-centos65:     default: your host and reload your VM.
I, [2016-01-03T18:49:40.321002 #5604]  INFO -- default-centos65:     default: 
I, [2016-01-03T18:49:40.321324 #5604]  INFO -- default-centos65: 
I, [2016-01-03T18:49:40.321379 #5604]  INFO -- default-centos65:     default: VirtualBox Version: 5.0
I, [2016-01-03T18:49:40.321526 #5604]  INFO -- default-centos65: ==> default: Setting hostname...
I, [2016-01-03T18:49:45.804015 #5604]  INFO -- default-centos65: ==> default: Machine not provisioned because `--no-provision` is specified.
I, [2016-01-03T18:49:51.142653 #5604]  INFO -- default-centos65: [SSH] Established
I, [2016-01-03T18:49:51.143711 #5604]  INFO -- default-centos65: Vagrant instance <default-centos65> created.
I, [2016-01-03T18:49:51.146644 #5604]  INFO -- default-centos65: Finished creating <default-centos65> (0m55.38s).
